# JRE version: Java(TM) SE Runtime Environment (8.0_102-b14) (build 1.8.0_102-b14)
# Java VM: Java HotSpot(TM) 64-Bit Server VM (25.102-b14 mixed mode windows-amd64 compressed oops)
Heap:
 PSYoungGen      total 57344K, used 38314K [0x0000000780980000, 0x0000000784980000, 0x00000007c0000000)
  eden space 49152K, 61% used [0x0000000780980000,0x00000007826f1fe0,0x0000000783980000)
  from space 8192K, 99% used [0x0000000784180000,0x0000000784978900,0x0000000784980000)
  to   space 8192K, 0% used [0x0000000783980000,0x0000000783980000,0x0000000784180000)
 ParOldGen       total 87040K, used 10276K [0x0000000701c00000, 0x0000000707100000, 0x0000000780980000)
  object space 87040K, 11% used [0x0000000701c00000,0x00000007026090d8,0x0000000707100000)
 Metaspace       used 31361K, capacity 32372K, committed 32512K, reserved 1077248K
  class space    used 4065K, capacity 4276K, committed 4352K, reserved 1048576K
GC Heap History (10 events):
Event: 1.542 GC heap before
{Heap before GC invocations=3 (full 0):
 PSYoungGen      total 57344K, used 51214K [0x0000000780980000, 0x0000000784980000, 0x00000007c0000000)
  eden space 49152K, 88% used [0x0000000780980000,0x00000007834338f0,0x0000000783980000)
  from space 8192K, 91% used [0x0000000784180000,0x00000007848cff70,0x0000000784980000)
  to   space 8192K, 0% used [0x0000000783980000,0x0000000783980000,0x0000000784180000)
 ParOldGen       total 131072K, used 24K [0x0000000701c00000, 0x0000000709c00000, 0x0000000780980000)
  object space 131072K, 0% used [0x0000000701c00000,0x0000000701c06000,0x0000000709c00000)
 Metaspace       used 20686K, capacity 21206K, committed 21248K, reserved 1069056K
  class space    used 2656K, capacity 2809K, committed 2816K, reserved 1048576K
Event: 1.548 GC heap after
Heap after GC invocations=3 (full 0):
 PSYoungGen      total 57344K, used 8173K [0x0000000780980000, 0x0000000784980000, 0x00000007c0000000)
  eden space 49152K, 0% used [0x0000000780980000,0x0000000780980000,0x0000000783980000)
  from space 8192K, 99% used [0x0000000783980000,0x000000078417b6f8,0x0000000784180000)
  to   space 8192K, 0% used [0x0000000784180000,0x0000000784180000,0x0000000784980000)
 ParOldGen       total 131072K, used 1992K [0x0000000701c00000, 0x0000000709c00000, 0x0000000780980000)
  object space 131072K, 1% used [0x0000000701c00000,0x0000000701df22b8,0x0000000709c00000)
 Metaspace       used 20686K, capacity 21206K, committed 21248K, reserved 1069056K
  class space    used 2656K, capacity 2809K, committed 2816K, reserved 1048576K
}
Event: 1.548 GC heap before
{Heap before GC invocations=4 (full 1):
 PSYoungGen      total 57344K, used 8173K [0x0000000780980000, 0x0000000784980000, 0x00000007c0000000)
  eden space 49152K, 0% used [0x0000000780980000,0x0000000780980000,0x0000000783980000)
  from space 8192K, 99% used [0x0000000783980000,0x000000078417b6f8,0x0000000784180000)
  to   space 8192K, 0% used [0x0000000784180000,0x0000000784180000,0x0000000784980000)
 ParOldGen       total 131072K, used 1992K [0x0000000701c00000, 0x0000000709c00000, 0x0000000780980000)
  object space 131072K, 1% used [0x0000000701c00000,0x0000000701df22b8,0x0000000709c00000)
 Metaspace       used 20686K, capacity 21206K, committed 21248K, reserved 1069056K
  class space    used 2656K, capacity 2809K, committed 2816K, reserved 1048576K
Event: 1.572 GC heap after
Heap after GC invocations=4 (full 1):
 PSYoungGen      total 57344K, used 0K [0x0000000780980000, 0x0000000784980000, 0x00000007c0000000)
  eden space 49152K, 0% used [0x0000000780980000,0x0000000780980000,0x0000000783980000)
  from space 8192K, 0% used [0x0000000783980000,0x0000000783980000,0x0000000784180000)
  to   space 8192K, 0% used [0x0000000784180000,0x0000000784180000,0x0000000784980000)
 ParOldGen       total 87040K, used 9741K [0x0000000701c00000, 0x0000000707100000, 0x0000000780980000)
  object space 87040K, 11% used [0x0000000701c00000,0x0000000702583478,0x0000000707100000)
 Metaspace       used 20686K, capacity 21206K, committed 21248K, reserved 1069056K
  class space    used 2656K, capacity 2809K, committed 2816K, reserved 1048576K
}
Event: 2.022 GC heap before
{Heap before GC invocations=5 (full 1):
 PSYoungGen      total 57344K, used 49152K [0x0000000780980000, 0x0000000784980000, 0x00000007c0000000)
  eden space 49152K, 100% used [0x0000000780980000,0x0000000783980000,0x0000000783980000)
  from space 8192K, 0% used [0x0000000783980000,0x0000000783980000,0x0000000784180000)
  to   space 8192K, 0% used [0x0000000784180000,0x0000000784180000,0x0000000784980000)
 ParOldGen       total 87040K, used 9741K [0x0000000701c00000, 0x0000000707100000, 0x0000000780980000)
  object space 87040K, 11% used [0x0000000701c00000,0x0000000702583478,0x0000000707100000)
 Metaspace       used 26548K, capacity 27302K, committed 27520K, reserved 1073152K
  class space    used 3426K, capacity 3623K, committed 3712K, reserved 1048576K
Event: 2.027 GC heap after
Heap after GC invocations=5 (full 1):
 PSYoungGen      total 57344K, used 5499K [0x0000000780980000, 0x0000000784980000, 0x00000007c0000000)
  eden space 49152K, 0% used [0x0000000780980000,0x0000000780980000,0x0000000783980000)
  from space 8192K, 67% used [0x0000000784180000,0x00000007846dedd0,0x0000000784980000)
  to   space 8192K, 0% used [0x0000000783980000,0x0000000783980000,0x0000000784180000)
 ParOldGen       total 87040K, used 9813K [0x0000000701c00000, 0x0000000707100000, 0x0000000780980000)
  object space 87040K, 11% used [0x0000000701c00000,0x0000000702595488,0x0000000707100000)
 Metaspace       used 26548K, capacity 27302K, committed 27520K, reserved 1073152K
  class space    used 3426K, capacity 3623K, committed 3712K, reserved 1048576K
}
Event: 2.697 GC heap before
{Heap before GC invocations=6 (full 1):
 PSYoungGen      total 57344K, used 54651K [0x0000000780980000, 0x0000000784980000, 0x00000007c0000000)
  eden space 49152K, 100% used [0x0000000780980000,0x0000000783980000,0x0000000783980000)
  from space 8192K, 67% used [0x0000000784180000,0x00000007846dedd0,0x0000000784980000)
  to   space 8192K, 0% used [0x0000000783980000,0x0000000783980000,0x0000000784180000)
 ParOldGen       total 87040K, used 9813K [0x0000000701c00000, 0x0000000707100000, 0x0000000780980000)
  object space 87040K, 11% used [0x0000000701c00000,0x0000000702595488,0x0000000707100000)
 Metaspace       used 28404K, capacity 29306K, committed 29568K, reserved 1075200K
  class space    used 3648K, capacity 3867K, committed 3968K, reserved 1048576K
Event: 2.701 GC heap after
Heap after GC invocations=6 (full 1):
 PSYoungGen      total 57344K, used 6617K [0x0000000780980000, 0x0000000784980000, 0x00000007c0000000)
  eden space 49152K, 0% used [0x0000000780980000,0x0000000780980000,0x0000000783980000)
  from space 8192K, 80% used [0x0000000783980000,0x0000000783ff6600,0x0000000784180000)
  to   space 8192K, 0% used [0x0000000784180000,0x0000000784180000,0x0000000784980000)
 ParOldGen       total 87040K, used 9821K [0x0000000701c00000, 0x0000000707100000, 0x0000000780980000)
  object space 87040K, 11% used [0x0000000701c00000,0x0000000702597488,0x0000000707100000)
 Metaspace       used 28404K, capacity 29306K, committed 29568K, reserved 1075200K
  class space    used 3648K, capacity 3867K, committed 3968K, reserved 1048576K
}
Event: 3.098 GC heap before
{Heap before GC invocations=7 (full 1):
 PSYoungGen      total 57344K, used 55769K [0x0000000780980000, 0x0000000784980000, 0x00000007c0000000)
  eden space 49152K, 100% used [0x0000000780980000,0x0000000783980000,0x0000000783980000)
  from space 8192K, 80% used [0x0000000783980000,0x0000000783ff6600,0x0000000784180000)
  to   space 8192K, 0% used [0x0000000784180000,0x0000000784180000,0x0000000784980000)
 ParOldGen       total 87040K, used 9821K [0x0000000701c00000, 0x0000000707100000, 0x0000000780980000)
  object space 87040K, 11% used [0x0000000701c00000,0x0000000702597488,0x0000000707100000)
 Metaspace       used 29942K, capacity 30902K, committed 30976K, reserved 1077248K
  class space    used 3871K, capacity 4077K, committed 4096K, reserved 1048576K
Event: 3.105 GC heap after
Heap after GC invocations=7 (full 1):
 PSYoungGen      total 57344K, used 8162K [0x0000000780980000, 0x0000000784980000, 0x00000007c0000000)
  eden space 49152K, 0% used [0x0000000780980000,0x0000000780980000,0x0000000783980000)
  from space 8192K, 99% used [0x0000000784180000,0x0000000784978900,0x0000000784980000)
  to   space 8192K, 0% used [0x0000000783980000,0x0000000783980000,0x0000000784180000)
 ParOldGen       total 87040K, used 10276K [0x0000000701c00000, 0x0000000707100000, 0x0000000780980000)
  object space 87040K, 11% used [0x0000000701c00000,0x00000007026090d8,0x0000000707100000)
 Metaspace       used 29942K, capacity 30902K, committed 30976K, reserved 1077248K
  class space    used 3871K, capacity 4077K, committed 4096K, reserved 1048576K
}

